<?xml version="1.0" encoding="UTF-8"?>
<!-- Generated by org.testng.reporters.JUnitXMLReporter -->
<testsuite ignored="0" hostname="DESKTOP-K0CH7S3" failures="0" tests="3" name="Default test" time="11.645" errors="0" timestamp="16 Sep 2023 08:35:19 GMT">
  <testcase classname="alerts.AlertTests" name="testAcceptAlert" time="1.18"/>
  <testcase classname="alerts.AlertTests" name="testGetTextFromAlert" time="1.423"/>
  <testcase classname="alerts.AlertTests" name="testSetInputInAlert" time="0.751"/>
</testsuite> <!-- Default test -->
